#
# There is insufficient memory for the Java Runtime Environment to continue.
# Native memory allocation (mmap) failed to map 132120576 bytes for Failed to commit area from 0x0000000082200000 to 0x000000008a000000 of length 132120576.
# Possible reasons:
#   The system is out of physical RAM or swap space
#   The process is running with CompressedOops enabled, and the Java Heap may be blocking the growth of the native heap
# Possible solutions:
#   Reduce memory load on the system
#   Increase physical memory or swap space
#   Check if swap backing store is full
#   Decrease Java heap size (-Xmx/-Xms)
#   Decrease number of Java threads
#   Decrease Java thread stack sizes (-Xss)
#   Set larger code cache with -XX:ReservedCodeCacheSize=
# This output file may be truncated or incomplete.
#
#  Out of Memory Error (t:/workspace/open/src/hotspot/os/windows/os_windows.cpp:3269), pid=18672, tid=8564
#
# JRE version:  (11.0.1+13) (build )
# Java VM: Java HotSpot(TM) 64-Bit Server VM (11.0.1+13-LTS, mixed mode, aot, sharing, tiered, compressed oops, g1 gc, windows-amd64)
# No core dump will be written. Minidumps are not enabled by default on client versions of Windows
#

---------------  S U M M A R Y ------------

Command Line: -javaagent:C:\Program Files\JetBrains\IntelliJ IDEA Community Edition 2018.3.1\lib\idea_rt.jar=59458:C:\Program Files\JetBrains\IntelliJ IDEA Community Edition 2018.3.1\bin -Dfile.encoding=UTF-8 practice1.insertion_sort_prac

Host: Intel(R) Core(TM) i5-7300HQ CPU @ 2.50GHz, 4 cores, 7G,  Windows 10 , 64 bit Build 17134 (10.0.17134.556)
Time: Fri Mar  8 22:13:45 2019 India Standard Time elapsed time: 0 seconds (0d 0h 0m 0s)

---------------  T H R E A D  ---------------

Current thread (0x000001c3a8b74800):  JavaThread "Unknown thread" [_thread_in_vm, id=8564, stack(0x0000007ade700000,0x0000007ade800000)]

Stack: [0x0000007ade700000,0x0000007ade800000]
Native frames: (J=compiled Java code, j=interpreted, Vv=VM code, C=native code)
V  [jvm.dll+0x63c21a]
V  [jvm.dll+0x7797df]
V  [jvm.dll+0x77adca]
V  [jvm.dll+0x77b483]
V  [jvm.dll+0x2627f8]
V  [jvm.dll+0x6396ca]
V  [jvm.dll+0x62dfa5]
V  [jvm.dll+0x31699c]
V  [jvm.dll+0x316822]
V  [jvm.dll+0x31c096]
V  [jvm.dll+0x36842f]
V  [jvm.dll+0x367e50]
V  [jvm.dll+0x2f38b8]
V  [jvm.dll+0x2f4a16]
V  [jvm.dll+0x752da7]
V  [jvm.dll+0x7544ef]
V  [jvm.dll+0x375269]
V  [jvm.dll+0x7394a9]
V  [jvm.dll+0x3e467d]
V  [jvm.dll+0x3e6951]
C  [java.exe+0x3603]
C  [java.exe+0x178dc]
C  [KERNEL32.DLL+0x13dc4]
C  [ntdll.dll+0x73691]


---------------  P R O C E S S  ---------------

Threads class SMR info:
_java_thread_list=0x000001c3a6ab3d80, length=0, elements={
}

Java Threads: ( => current thread )

Other Threads:
  0x000001c3a8b8c800 GCTaskThread "GC Thread#0" [stack: 0x0000007ade800000,0x0000007ade900000] [id=10488]
  0x000001c3a8bbd000 ConcurrentGCThread "G1 Main Marker" [stack: 0x0000007ade900000,0x0000007adea00000] [id=15864]
  0x000001c3a8bbf800 ConcurrentGCThread "G1 Conc#0" [stack: 0x0000007adea00000,0x0000007adeb00000] [id=10016]

[error occurred during error reporting (printing all threads), id 0xc0000005, EXCEPTION_ACCESS_VIOLATION (0xc0000005) at pc=0x00007ffd535e2137]

VM state:not at safepoint (not fully initialized)

VM Mutex/Monitor currently owned by a thread:  ([mutex/lock_event])
[0x000001c3a8b73b00] Heap_lock - owner thread: 0x000001c3a8b74800

Heap address: 0x0000000082200000, size: 2014 MB, Compressed Oops mode: Non-zero based: 0x0000000082200000
Narrow klass base: 0x0000000000000000, Narrow klass shift: 0

GC Heap History (0 events):
No events

Deoptimization events (0 events):
No events

Classes redefined (0 events):
No events

Internal exceptions (0 events):
No events

Events (0 events):
No events


Dynamic libraries:
0x00007ff744ec0000 - 0x00007ff744f07000 	C:\Program Files\Java\jdk-11.0.1\bin\java.exe
0x00007ffd9af50000 - 0x00007ffd9b131000 	C:\WINDOWS\SYSTEM32\ntdll.dll
0x00007ffd9ad90000 - 0x00007ffd9ae42000 	C:\WINDOWS\System32\KERNEL32.DLL
0x00007ffd98110000 - 0x00007ffd98383000 	C:\WINDOWS\System32\KERNELBASE.dll
0x00007ffd98a40000 - 0x00007ffd98ae1000 	C:\WINDOWS\System32\ADVAPI32.dll
0x00007ffd983e0000 - 0x00007ffd9847e000 	C:\WINDOWS\System32\msvcrt.dll
0x00007ffd9ae50000 - 0x00007ffd9aeab000 	C:\WINDOWS\System32\sechost.dll
0x00007ffd99360000 - 0x00007ffd99484000 	C:\WINDOWS\System32\RPCRT4.dll
0x00007ffd98c00000 - 0x00007ffd98d90000 	C:\WINDOWS\System32\USER32.dll
0x00007ffd97a30000 - 0x00007ffd97a50000 	C:\WINDOWS\System32\win32u.dll
0x00007ffd98bd0000 - 0x00007ffd98bf8000 	C:\WINDOWS\System32\GDI32.dll
0x00007ffd97d20000 - 0x00007ffd97eb2000 	C:\WINDOWS\System32\gdi32full.dll
0x00007ffd97ad0000 - 0x00007ffd97b6f000 	C:\WINDOWS\System32\msvcp_win.dll
0x00007ffd97b70000 - 0x00007ffd97c6a000 	C:\WINDOWS\System32\ucrtbase.dll
0x00007ffd8ace0000 - 0x00007ffd8af49000 	C:\WINDOWS\WinSxS\amd64_microsoft.windows.common-controls_6595b64144ccf1df_6.0.17134.590_none_fb3d9bff3069e088\COMCTL32.dll
0x00007ffd98e40000 - 0x00007ffd99162000 	C:\WINDOWS\System32\combase.dll
0x00007ffd97a50000 - 0x00007ffd97aca000 	C:\WINDOWS\System32\bcryptPrimitives.dll
0x00007ffd93380000 - 0x00007ffd9338a000 	C:\WINDOWS\SYSTEM32\VERSION.dll
0x00007ffd99680000 - 0x00007ffd996ad000 	C:\WINDOWS\System32\IMM32.DLL
0x00007ffd895c0000 - 0x00007ffd895d6000 	C:\Program Files\Java\jdk-11.0.1\bin\vcruntime140.dll
0x00007ffd665e0000 - 0x00007ffd6668a000 	C:\Program Files\Java\jdk-11.0.1\bin\msvcp140.dll
0x00007ffd532e0000 - 0x00007ffd53e22000 	C:\Program Files\Java\jdk-11.0.1\bin\server\jvm.dll
0x00007ffd99170000 - 0x00007ffd99178000 	C:\WINDOWS\System32\PSAPI.DLL
0x00007ffd87c90000 - 0x00007ffd87c99000 	C:\WINDOWS\SYSTEM32\WSOCK32.dll
0x00007ffd8a550000 - 0x00007ffd8a573000 	C:\WINDOWS\SYSTEM32\WINMM.dll
0x00007ffd9aeb0000 - 0x00007ffd9af1c000 	C:\WINDOWS\System32\WS2_32.dll
0x00007ffd8a520000 - 0x00007ffd8a54a000 	C:\WINDOWS\SYSTEM32\WINMMBASE.dll
0x00007ffd98390000 - 0x00007ffd983d9000 	C:\WINDOWS\System32\cfgmgr32.dll
0x00007ffd972e0000 - 0x00007ffd972f1000 	C:\WINDOWS\System32\kernel.appcore.dll
0x00007ffd89590000 - 0x00007ffd895a1000 	C:\Program Files\Java\jdk-11.0.1\bin\verify.dll
0x00007ffd95cb0000 - 0x00007ffd95e79000 	C:\WINDOWS\SYSTEM32\DBGHELP.DLL
0x00007ffd91000000 - 0x00007ffd91029000 	C:\WINDOWS\SYSTEM32\dbgcore.DLL
0x00007ffd883f0000 - 0x00007ffd88419000 	C:\Program Files\Java\jdk-11.0.1\bin\java.dll
0x00007ffd75bf0000 - 0x00007ffd75c1f000 	C:\Program Files\Java\jdk-11.0.1\bin\instrument.dll
0x00007ffd88d30000 - 0x00007ffd88d46000 	C:\Program Files\Java\jdk-11.0.1\bin\zip.dll
0x00007ffd89640000 - 0x00007ffd8964a000 	C:\Program Files\Java\jdk-11.0.1\bin\jimage.dll

dbghelp: loaded successfully - version: 4.0.5 - missing functions: none
symbol engine: initialized successfully - sym options: 0x614 - pdb path: .;C:\Program Files\Java\jdk-11.0.1\bin;C:\WINDOWS\SYSTEM32;C:\WINDOWS\WinSxS\amd64_microsoft.windows.common-controls_6595b64144ccf1df_6.0.17134.590_none_fb3d9bff3069e088;C:\Program Files\Java\jdk-11.0.1\bin\server

VM Arguments:
jvm_args: -javaagent:C:\Program Files\JetBrains\IntelliJ IDEA Community Edition 2018.3.1\lib\idea_rt.jar=59458:C:\Program Files\JetBrains\IntelliJ IDEA Community Edition 2018.3.1\bin -Dfile.encoding=UTF-8 
java_command: practice1.insertion_sort_prac
java_class_path (initial): C:\Users\shobh\Desktop\Crux_Java\out\production\Crux_Java
Launcher Type: SUN_STANDARD

[Global flags]
     intx CICompilerCount                          = 3                                         {product} {ergonomic}
     uint ConcGCThreads                            = 1                                         {product} {ergonomic}
     uint G1ConcRefinementThreads                  = 4                                         {product} {ergonomic}
   size_t G1HeapRegionSize                         = 1048576                                   {product} {ergonomic}
    uintx GCDrainStackTargetSize                   = 64                                        {product} {ergonomic}
   size_t InitialHeapSize                          = 132120576                                 {product} {ergonomic}
   size_t MarkStackSize                            = 4194304                                   {product} {ergonomic}
   size_t MaxHeapSize                              = 2111832064                                {product} {ergonomic}
   size_t MinHeapDeltaBytes                        = 1048576                                   {product} {ergonomic}
    uintx NonNMethodCodeHeapSize                   = 5830092                                {pd product} {ergonomic}
    uintx NonProfiledCodeHeapSize                  = 122914074                              {pd product} {ergonomic}
    uintx ProfiledCodeHeapSize                     = 122914074                              {pd product} {ergonomic}
    uintx ReservedCodeCacheSize                    = 251658240                              {pd product} {ergonomic}
     bool SegmentedCodeCache                       = true                                      {product} {ergonomic}
     bool UseCompressedClassPointers               = true                                 {lp64_product} {ergonomic}
     bool UseCompressedOops                        = true                                 {lp64_product} {ergonomic}
     bool UseG1GC                                  = true                                      {product} {ergonomic}
     bool UseLargePagesIndividualAllocation        = false                                  {pd product} {ergonomic}

Logging:
Log output configuration:
 #0: stdout all=warning uptime,level,tags
 #1: stderr all=off uptime,level,tags

Environment Variables:
PATH=C:\Program Files (x86)\Common Files\Oracle\Java\javapath;C:\Program Files (x86)\Intel\iCLS Client\;C:\Program Files\Intel\iCLS Client\;C:\Windows\system32;C:\Windows;C:\Windows\System32\Wbem;C:\Windows\System32\WindowsPowerShell\v1.0\;C:\Program Files (x86)\Intel\Intel(R) Management Engine Components\DAL;C:\Program Files\Intel\Intel(R) Management Engine Components\DAL;C:\Program Files (x86)\Intel\Intel(R) Management Engine Components\IPT;C:\Program Files\Intel\Intel(R) Management Engine Components\IPT;C:\Program Files (x86)\NVIDIA Corporation\PhysX\Common;C:\WINDOWS\system32;C:\WINDOWS;C:\WINDOWS\System32\Wbem;C:\WINDOWS\System32\WindowsPowerShell\v1.0\;C:\Program Files\Git\cmd;C:\WINDOWS\System32\OpenSSH\;C:\Program Files\Intel\WiFi\bin\;C:\Program Files\Common Files\Intel\WirelessCommon\;C:\Program Files\NVIDIA Corporation\NVIDIA NvDLISR;C:\Program Files\Java\jdk-11.0.1\bin;D:\Softwares;D:\Anaconda\DLLs;C:\Users\shobh\AppData\Local\Programs\Python\Python36\Scripts\;C:\Users\shobh\AppData\Local\Programs\Python\Python36\;C:\Program Files (x86)\Common Files\Oracle\Java\javapath;C:\Program Files (x86)\Intel\iCLS Client\;C:\Program Files\Intel\iCLS Client\;C:\Windows\system32;C:\Windows;C:\Windows\System32\Wbem;C:\Windows\System32\WindowsPowerShell\v1.0\;C:\Program Files (x86)\Intel\Intel(R) Management Engine Components\DAL;C:\Program Files\Intel\Intel(R) Management Engine Components\DAL;C:\Program Files (x86)\Intel\Intel(R) Management Engine Components\IPT;C:\Program Files\Intel\Intel(R) Management Engine Components\IPT;C:\Program Files (x86)\NVIDIA Corporation\PhysX\Common;C:\WINDOWS\system32;C:\WINDOWS;C:\WINDOWS\System32\Wbem;C:\WINDOWS\System32\WindowsPowerShell\v1.0\;C:\Program Files\Intel\WiFi\bin\;C:\Program Files\Common Files\Intel\WirelessCommon\;C:\Program Files\MATLAB\R2015b\runtime\win64;C:\Program Files\MATLAB\R2015b\bin;C:\Program Files\Git\cmd;C:\WINDOWS\System32\OpenSSH\;D:\Brackets\command;D:\So;C:\Users\shobh\AppData\Local\Programs\Microsoft VS Cod
USERNAME=shobh
OS=Windows_NT
PROCESSOR_IDENTIFIER=Intel64 Family 6 Model 158 Stepping 9, GenuineIntel



---------------  S Y S T E M  ---------------

OS: Windows 10 , 64 bit Build 17134 (10.0.17134.556)

CPU:total 4 (initial active 4) (4 cores per cpu, 1 threads per core) family 6 model 158 stepping 9, cmov, cx8, fxsr, mmx, sse, sse2, sse3, ssse3, sse4.1, sse4.2, popcnt, avx, avx2, aes, clmul, erms, 3dnowpref, lzcnt, tsc, tscinvbit, bmi1, bmi2, adx, fma

Memory: 4k page, system-wide physical 8054M (1174M free)
TotalPageFile size 21447M (AvailPageFile size 117M)
current process WorkingSet (physical memory assigned to process): 9M, peak: 9M
current process commit charge ("private bytes"): 51M, peak: 177M

vm_info: Java HotSpot(TM) 64-Bit Server VM (11.0.1+13-LTS) for windows-amd64 JRE (11.0.1+13-LTS), built on Oct  6 2018 13:20:16 by "mach5one" with MS VC++ 15.5 (VS2017)

END.
